2025-02-27 01:31:01 - Generated a new password
2025-02-27 01:36:50 - Generated a new password
2025-02-27 01:36:56 - Generated a new password
2025-02-27 01:37:15 - Added password for service: instagram
2025-02-27 01:42:52 - Revealed a saved password
2025-02-27 01:42:54 - Revealed a saved password
2025-02-27 01:42:55 - Revealed a saved password
2025-02-27 01:52:07 - Revealed a saved password
2025-02-27 01:52:08 - Revealed a saved password
2025-02-27 01:52:09 - Revealed a saved password
2025-02-27 02:00:43 - Deleted password for service: google (username: hello)
2025-02-27 02:02:34 - Deleted password for service: facebook (username: shannu29)
2025-02-27 08:44:47 - Generated a new password
2025-02-27 08:45:01 - Added password for service: google
2025-02-27 09:09:54 - Deleted password for service: google (username: hello)
2025-02-27 09:11:48 - Added password for service: facebook
2025-02-27 09:12:20 - Deleted password for service: facebook (username: prudvi)
2025-02-27 09:49:42 - Generated a new password
2025-02-27 09:50:44 - Added password for service: telegram
2025-02-27 09:53:58 - Deleted password for service: telegram (username: surya123)
2025-02-27 10:23:00 - Added password for service: facebook
2025-02-27 10:23:38 - Added password for service: cybernerds.com
2025-02-27 10:26:20 - Deleted password for service: cybernerds.com (username: shanmukha)
